工程/News2/example/build/outputs/logs/manifest-merger-debug-report.txt
-- Merging decision tree log ---
manifest
ADDED from News2\example\AndroidManifest.xml:2:1-187:12
INJECTED from News2\example\AndroidManifest.xml:2:1-187:12
INJECTED from News2\example\AndroidManifest.xml:2:1-187:12
INJECTED from News2\example\AndroidManifest.xml:2:1-187:12
INJECTED from News2\example\AndroidManifest.xml:2:1-187:12
	package
		ADDED from News2\example\AndroidManifest.xml:3:5-37
	android:versionName
		ADDED from News2\example\AndroidManifest.xml:5:5-32
		INJECTED from News2\example\AndroidManifest.xml
		INJECTED from News2\example\AndroidManifest.xml
	xmlns:android
		ADDED from News2\example\AndroidManifest.xml:2:11-69
	android:versionCode
		ADDED from News2\example\AndroidManifest.xml:4:5-30
		INJECTED from News2\example\AndroidManifest.xml
		INJECTED from News2\example\AndroidManifest.xml
permission#com.example.news2jpush.permission.JPUSH_MESSAGE
ADDED from News2\example\AndroidManifest.xml:9:5-11:47
	android:protectionLevel
		ADDED from News2\example\AndroidManifest.xml:11:9-44
	android:name
		ADDED from News2\example\AndroidManifest.xml:10:9-71
uses-permission#com.example.news2jpush.permission.JPUSH_MESSAGE
ADDED from News2\example\AndroidManifest.xml:14:5-87
	android:name
		ADDED from News2\example\AndroidManifest.xml:14:22-84
uses-permission#android.permission.RECEIVE_USER_PRESENT
ADDED from News2\example\AndroidManifest.xml:15:5-79
	android:name
		ADDED from News2\example\AndroidManifest.xml:15:22-76
uses-permission#android.permission.INTERNET
ADDED from News2\example\AndroidManifest.xml:16:5-67
	android:name
		ADDED from News2\example\AndroidManifest.xml:16:22-64
uses-permission#android.permission.READ_PHONE_STATE
ADDED from News2\example\AndroidManifest.xml:17:5-75
	android:name
		ADDED from News2\example\AndroidManifest.xml:17:22-72
uses-permission#android.permission.WRITE_EXTERNAL_STORAGE
ADDED from News2\example\AndroidManifest.xml:18:5-81
	android:name
		ADDED from News2\example\AndroidManifest.xml:18:22-78
uses-permission#android.permission.READ_EXTERNAL_STORAGE
ADDED from News2\example\AndroidManifest.xml:19:5-80
	android:name
		ADDED from News2\example\AndroidManifest.xml:19:22-77
uses-permission#android.permission.WRITE_SETTINGS
ADDED from News2\example\AndroidManifest.xml:20:5-73
	android:name
		ADDED from News2\example\AndroidManifest.xml:20:22-70
uses-permission#android.permission.MOUNT_UNMOUNT_FILESYSTEMS
ADDED from News2\example\AndroidManifest.xml:21:5-84
	android:name
		ADDED from News2\example\AndroidManifest.xml:21:22-81
uses-permission#android.permission.ACCESS_NETWORK_STATE
ADDED from News2\example\AndroidManifest.xml:22:5-79
	android:name
		ADDED from News2\example\AndroidManifest.xml:22:22-76
uses-permission#android.permission.ACCESS_WIFI_STATE
ADDED from News2\example\AndroidManifest.xml:23:5-76
	android:name
		ADDED from News2\example\AndroidManifest.xml:23:22-73
uses-permission#android.permission.VIBRATE
ADDED from News2\example\AndroidManifest.xml:28:5-66
	android:name
		ADDED from News2\example\AndroidManifest.xml:28:22-63
uses-permission#android.permission.SYSTEM_ALERT_WINDOW
ADDED from News2\example\AndroidManifest.xml:29:5-78
	android:name
		ADDED from News2\example\AndroidManifest.xml:29:22-75
uses-permission#android.permission.ACCESS_COARSE_LOCATION
ADDED from News2\example\AndroidManifest.xml:30:5-81
	android:name
		ADDED from News2\example\AndroidManifest.xml:30:22-78
uses-permission#android.permission.CHANGE_WIFI_STATE
ADDED from News2\example\AndroidManifest.xml:31:5-76
	android:name
		ADDED from News2\example\AndroidManifest.xml:31:22-73
uses-permission#android.permission.ACCESS_FINE_LOCATION
ADDED from News2\example\AndroidManifest.xml:32:5-79
	android:name
		ADDED from News2\example\AndroidManifest.xml:32:22-76
uses-permission#android.permission.ACCESS_LOCATION_EXTRA_COMMANDS
ADDED from News2\example\AndroidManifest.xml:33:5-89
	android:name
		ADDED from News2\example\AndroidManifest.xml:33:22-86
uses-permission#android.permission.CHANGE_NETWORK_STATE
ADDED from News2\example\AndroidManifest.xml:34:5-79
	android:name
		ADDED from News2\example\AndroidManifest.xml:34:22-76
uses-permission#android.permission.GET_TASKS
ADDED from News2\example\AndroidManifest.xml:35:5-68
	android:name
		ADDED from News2\example\AndroidManifest.xml:35:22-65
application
ADDED from News2\example\AndroidManifest.xml:37:5-186:19
	android:label
		ADDED from News2\example\AndroidManifest.xml:40:9-41
	android:icon
		ADDED from News2\example\AndroidManifest.xml:38:9-45
	android:allowBackup
		ADDED from News2\example\AndroidManifest.xml:39:9-36
	android:name
		ADDED from News2\example\AndroidManifest.xml:41:9-43
activity#com.example.news2jpush.MainActivity
ADDED from News2\example\AndroidManifest.xml:44:9-51:20
	android:label
		ADDED from News2\example\AndroidManifest.xml:46:13-45
	android:name
		ADDED from News2\example\AndroidManifest.xml:45:13-41
intent-filter#action:name:android.intent.action.MAIN+category:name:android.intent.category.LAUNCHER
ADDED from News2\example\AndroidManifest.xml:47:13-50:29
action#android.intent.action.MAIN
ADDED from News2\example\AndroidManifest.xml:48:17-69
	android:name
		ADDED from News2\example\AndroidManifest.xml:48:25-66
category#android.intent.category.LAUNCHER
ADDED from News2\example\AndroidManifest.xml:49:17-77
	android:name
		ADDED from News2\example\AndroidManifest.xml:49:27-74
activity#com.example.news2jpush.PushSetActivity
ADDED from News2\example\AndroidManifest.xml:53:8-55:19
	android:label
		ADDED from News2\example\AndroidManifest.xml:53:50-82
	android:name
		ADDED from News2\example\AndroidManifest.xml:53:18-49
activity#com.example.news2jpush.SettingActivity
ADDED from News2\example\AndroidManifest.xml:57:8-94
	android:label
		ADDED from News2\example\AndroidManifest.xml:57:50-82
	android:name
		ADDED from News2\example\AndroidManifest.xml:57:18-49
activity#com.example.news2jpush.TestActivity
ADDED from News2\example\AndroidManifest.xml:59:9-64:20
	android:exported
		ADDED from News2\example\AndroidManifest.xml:59:48-72
	android:name
		ADDED from News2\example\AndroidManifest.xml:59:19-47
intent-filter#action:name:jpush.testAction+category:name:jpush.testCategory
ADDED from News2\example\AndroidManifest.xml:60:13-63:29
action#jpush.testAction
ADDED from News2\example\AndroidManifest.xml:61:17-59
	android:name
		ADDED from News2\example\AndroidManifest.xml:61:25-56
category#jpush.testCategory
ADDED from News2\example\AndroidManifest.xml:62:17-63
	android:name
		ADDED from News2\example\AndroidManifest.xml:62:27-60
activity#cn.jpush.android.ui.PopWinActivity
ADDED from News2\example\AndroidManifest.xml:67:9-71:20
	android:exported
		ADDED from News2\example\AndroidManifest.xml:70:13-37
	android:theme
		ADDED from News2\example\AndroidManifest.xml:69:13-49
	android:name
		ADDED from News2\example\AndroidManifest.xml:68:13-62
activity#cn.jpush.android.ui.PushActivity
ADDED from News2\example\AndroidManifest.xml:74:9-84:20
	android:exported
		ADDED from News2\example\AndroidManifest.xml:78:13-37
	android:configChanges
		ADDED from News2\example\AndroidManifest.xml:76:13-63
	android:theme
		ADDED from News2\example\AndroidManifest.xml:77:13-60
	android:name
		ADDED from News2\example\AndroidManifest.xml:75:13-60
intent-filter#action:name:cn.jpush.android.ui.PushActivity+category:name:android.intent.category.DEFAULT+category:name:com.example.news2jpush
ADDED from News2\example\AndroidManifest.xml:79:13-83:29
action#cn.jpush.android.ui.PushActivity
ADDED from News2\example\AndroidManifest.xml:80:17-75
	android:name
		ADDED from News2\example\AndroidManifest.xml:80:25-72
category#android.intent.category.DEFAULT
ADDED from News2\example\AndroidManifest.xml:81:17-76
	android:name
		ADDED from News2\example\AndroidManifest.xml:81:27-73
category#com.example.news2jpush
ADDED from News2\example\AndroidManifest.xml:82:17-67
	android:name
		ADDED from News2\example\AndroidManifest.xml:82:27-64
service#cn.jpush.android.service.PushService
ADDED from News2\example\AndroidManifest.xml:88:9-98:19
	android:process
		ADDED from News2\example\AndroidManifest.xml:90:13-40
	android:exported
		ADDED from News2\example\AndroidManifest.xml:91:13-37
	android:name
		ADDED from News2\example\AndroidManifest.xml:89:13-64
intent-filter#action:name:cn.jpush.android.intent.PUSH_TIME+action:name:cn.jpush.android.intent.PushService+action:name:cn.jpush.android.intent.REGISTER+action:name:cn.jpush.android.intent.REPORT
ADDED from News2\example\AndroidManifest.xml:92:13-97:29
action#cn.jpush.android.intent.REGISTER
ADDED from News2\example\AndroidManifest.xml:93:17-75
	android:name
		ADDED from News2\example\AndroidManifest.xml:93:25-72
action#cn.jpush.android.intent.REPORT
ADDED from News2\example\AndroidManifest.xml:94:17-73
	android:name
		ADDED from News2\example\AndroidManifest.xml:94:25-70
action#cn.jpush.android.intent.PushService
ADDED from News2\example\AndroidManifest.xml:95:17-78
	android:name
		ADDED from News2\example\AndroidManifest.xml:95:25-75
action#cn.jpush.android.intent.PUSH_TIME
ADDED from News2\example\AndroidManifest.xml:96:17-76
	android:name
		ADDED from News2\example\AndroidManifest.xml:96:25-73
provider#cn.jpush.android.service.DataProvider
ADDED from News2\example\AndroidManifest.xml:100:9-105:11
	android:process
		ADDED from News2\example\AndroidManifest.xml:103:13-40
	android:authorities
		ADDED from News2\example\AndroidManifest.xml:101:13-70
	android:exported
		ADDED from News2\example\AndroidManifest.xml:104:13-37
	android:name
		ADDED from News2\example\AndroidManifest.xml:102:13-65
service#cn.jpush.android.service.DaemonService
ADDED from News2\example\AndroidManifest.xml:109:9-118:19
	android:enabled
		ADDED from News2\example\AndroidManifest.xml:111:13-35
	android:exported
		ADDED from News2\example\AndroidManifest.xml:112:13-36
	android:name
		ADDED from News2\example\AndroidManifest.xml:110:13-66
intent-filter#action:name:cn.jpush.android.intent.DaemonService+category:name:com.example.news2jpush
ADDED from News2\example\AndroidManifest.xml:113:13-116:29
action#cn.jpush.android.intent.DaemonService
ADDED from News2\example\AndroidManifest.xml:114:17-80
	android:name
		ADDED from News2\example\AndroidManifest.xml:114:25-77
provider#cn.jpush.android.service.DownloadProvider
ADDED from News2\example\AndroidManifest.xml:120:9-124:11
	android:authorities
		ADDED from News2\example\AndroidManifest.xml:121:13-74
	android:exported
		ADDED from News2\example\AndroidManifest.xml:123:13-36
	android:name
		ADDED from News2\example\AndroidManifest.xml:122:13-69
receiver#cn.jpush.android.service.PushReceiver
ADDED from News2\example\AndroidManifest.xml:126:9-145:20
	android:enabled
		ADDED from News2\example\AndroidManifest.xml:128:13-35
	android:exported
		ADDED from News2\example\AndroidManifest.xml:129:13-37
	android:name
		ADDED from News2\example\AndroidManifest.xml:127:13-65
intent-filter#action:name:cn.jpush.android.intent.NOTIFICATION_RECEIVED_PROXY+category:name:com.example.news2jpush
ADDED from News2\example\AndroidManifest.xml:130:13-133:29
	android:priority
		ADDED from News2\example\AndroidManifest.xml:130:28-51
action#cn.jpush.android.intent.NOTIFICATION_RECEIVED_PROXY
ADDED from News2\example\AndroidManifest.xml:131:17-94
	android:name
		ADDED from News2\example\AndroidManifest.xml:131:25-91
intent-filter#action:name:android.intent.action.USER_PRESENT+action:name:android.net.conn.CONNECTIVITY_CHANGE
ADDED from News2\example\AndroidManifest.xml:134:13-137:29
action#android.intent.action.USER_PRESENT
ADDED from News2\example\AndroidManifest.xml:135:17-77
	android:name
		ADDED from News2\example\AndroidManifest.xml:135:25-74
action#android.net.conn.CONNECTIVITY_CHANGE
ADDED from News2\example\AndroidManifest.xml:136:17-79
	android:name
		ADDED from News2\example\AndroidManifest.xml:136:25-76
intent-filter#action:name:android.intent.action.PACKAGE_ADDED+action:name:android.intent.action.PACKAGE_REMOVED+data:scheme:package
ADDED from News2\example\AndroidManifest.xml:139:13-144:29
action#android.intent.action.PACKAGE_ADDED
ADDED from News2\example\AndroidManifest.xml:140:17-78
	android:name
		ADDED from News2\example\AndroidManifest.xml:140:25-75
action#android.intent.action.PACKAGE_REMOVED
ADDED from News2\example\AndroidManifest.xml:141:17-80
	android:name
		ADDED from News2\example\AndroidManifest.xml:141:25-77
data
ADDED from News2\example\AndroidManifest.xml:143:17-50
	android:scheme
		ADDED from News2\example\AndroidManifest.xml:143:23-47
receiver#cn.jpush.android.service.AlarmReceiver
ADDED from News2\example\AndroidManifest.xml:148:9-99
	android:exported
		ADDED from News2\example\AndroidManifest.xml:148:73-97
	android:name
		ADDED from News2\example\AndroidManifest.xml:148:19-72
service#com.example.news2jpush.PushService
ADDED from News2\example\AndroidManifest.xml:152:10-157:20
	android:process
		ADDED from News2\example\AndroidManifest.xml:153:18-45
	android:name
		ADDED from News2\example\AndroidManifest.xml:152:19-46
intent-filter#action:name:cn.jiguang.user.service.action
ADDED from News2\example\AndroidManifest.xml:154:18-156:34
action#cn.jiguang.user.service.action
ADDED from News2\example\AndroidManifest.xml:155:22-78
	android:name
		ADDED from News2\example\AndroidManifest.xml:155:30-75
receiver#com.example.news2jpush.MyReceiver
ADDED from News2\example\AndroidManifest.xml:161:9-173:20
	android:enabled
		ADDED from News2\example\AndroidManifest.xml:164:13-35
	android:exported
		ADDED from News2\example\AndroidManifest.xml:163:13-37
	android:name
		ADDED from News2\example\AndroidManifest.xml:162:13-39
intent-filter#action:name:cn.jpush.android.intent.CONNECTION+action:name:cn.jpush.android.intent.MESSAGE_RECEIVED+action:name:cn.jpush.android.intent.NOTIFICATION_OPENED+action:name:cn.jpush.android.intent.NOTIFICATION_RECEIVED+action:name:cn.jpush.android.intent.REGISTRATION+category:name:com.example.news2jpush
ADDED from News2\example\AndroidManifest.xml:165:13-172:29
action#cn.jpush.android.intent.REGISTRATION
ADDED from News2\example\AndroidManifest.xml:166:17-79
	android:name
		ADDED from News2\example\AndroidManifest.xml:166:25-76
action#cn.jpush.android.intent.MESSAGE_RECEIVED
ADDED from News2\example\AndroidManifest.xml:167:17-83
	android:name
		ADDED from News2\example\AndroidManifest.xml:167:25-80
action#cn.jpush.android.intent.NOTIFICATION_RECEIVED
ADDED from News2\example\AndroidManifest.xml:168:17-88
	android:name
		ADDED from News2\example\AndroidManifest.xml:168:25-85
action#cn.jpush.android.intent.NOTIFICATION_OPENED
ADDED from News2\example\AndroidManifest.xml:169:17-86
	android:name
		ADDED from News2\example\AndroidManifest.xml:169:25-83
action#cn.jpush.android.intent.CONNECTION
ADDED from News2\example\AndroidManifest.xml:170:17-77
	android:name
		ADDED from News2\example\AndroidManifest.xml:170:25-74
receiver#com.example.news2jpush.MyJPushMessageReceiver
ADDED from News2\example\AndroidManifest.xml:176:9-181:20
	android:name
		ADDED from News2\example\AndroidManifest.xml:176:19-57
intent-filter#action:name:cn.jpush.android.intent.RECEIVE_MESSAGE+category:name:com.example.news2jpush
ADDED from News2\example\AndroidManifest.xml:177:13-180:29
action#cn.jpush.android.intent.RECEIVE_MESSAGE
ADDED from News2\example\AndroidManifest.xml:178:17-82
	android:name
		ADDED from News2\example\AndroidManifest.xml:178:25-79
meta-data#JPUSH_CHANNEL
ADDED from News2\example\AndroidManifest.xml:183:9-84
	android:value
		ADDED from News2\example\AndroidManifest.xml:183:49-82
	android:name
		ADDED from News2\example\AndroidManifest.xml:183:20-48
meta-data#JPUSH_APPKEY
ADDED from News2\example\AndroidManifest.xml:184:9-91
	android:value
		ADDED from News2\example\AndroidManifest.xml:184:48-88
	android:name
		ADDED from News2\example\AndroidManifest.xml:184:20-47